1663750891132|0|statement|connection 34|url jdbc:h2:tcp://localhost/~/novelist|insert into word_collection (wrods_id, word) values (?, ?)|insert into word_collection (wrods_id, word) values (1, '휴가')
1663750891234|0|statement|connection 34|url jdbc:h2:tcp://localhost/~/novelist|insert into word_collection (wrods_id, word) values (?, ?)|insert into word_collection (wrods_id, word) values (1, '휴식')
1663750891235|0|statement|connection 34|url jdbc:h2:tcp://localhost/~/novelist|insert into word_collection (wrods_id, word) values (?, ?)|insert into word_collection (wrods_id, word) values (1, '휴일')
1663750891236|0|statement|connection 34|url jdbc:h2:tcp://localhost/~/novelist|insert into word_collection (wrods_id, word) values (?, ?)|insert into word_collection (wrods_id, word) values (1, '휴지')
1663750891253|0|statement|connection 34|url jdbc:h2:tcp://localhost/~/novelist|insert into word_collection (wrods_id, word) values (?, ?)|insert into word_collection (wrods_id, word) values (1, '휴지통')
1663750891254|0|statement|connection 34|url jdbc:h2:tcp://localhost/~/novelist|insert into word_collection (wrods_id, word) values (?, ?)|insert into word_collection (wrods_id, word) values (1, '흉내')
1663750891255|0|statement|connection 34|url jdbc:h2:tcp://localhost/~/novelist|insert into word_collection (wrods_id, word) values (?, ?)|insert into word_collection (wrods_id, word) values (1, '흐름')
1663750891255|0|statement|connection 34|url jdbc:h2:tcp://localhost/~/novelist|insert into word_collection (wrods_id, word) values (?, ?)|insert into word_collection (wrods_id, word) values (1, '흑백')
1663750891256|0|statement|connection 34|url jdbc:h2:tcp://localhost/~/novelist|insert into word_collection (wrods_id, word) values (?, ?)|insert into word_collection (wrods_id, word) values (1, '흑인')
1663750891256|0|statement|connection 34|url jdbc:h2:tcp://localhost/~/novelist|insert into word_collection (wrods_id, word) values (?, ?)|insert into word_collection (wrods_id, word) values (1, '흔적')
1663750891257|0|statement|connection 34|url jdbc:h2:tcp://localhost/~/novelist|insert into word_collection (wrods_id, word) values (?, ?)|insert into word_collection (wrods_id, word) values (1, '흔히')
1663750891257|0|statement|connection 34|url jdbc:h2:tcp://localhost/~/novelist|insert into word_collection (wrods_id, word) values (?, ?)|insert into word_collection (wrods_id, word) values (1, '흙')
1663750891258|0|statement|connection 34|url jdbc:h2:tcp://localhost/~/novelist|insert into word_collection (wrods_id, word) values (?, ?)|insert into word_collection (wrods_id, word) values (1, '흥미')
1663750891258|0|statement|connection 34|url jdbc:h2:tcp://localhost/~/novelist|insert into word_collection (wrods_id, word) values (?, ?)|insert into word_collection (wrods_id, word) values (1, '흥분')
1663750891259|0|statement|connection 34|url jdbc:h2:tcp://localhost/~/novelist|insert into word_collection (wrods_id, word) values (?, ?)|insert into word_collection (wrods_id, word) values (1, '희곡')
1663750891259|0|statement|connection 34|url jdbc:h2:tcp://localhost/~/novelist|insert into word_collection (wrods_id, word) values (?, ?)|insert into word_collection (wrods_id, word) values (1, '희망')
1663750891259|0|statement|connection 34|url jdbc:h2:tcp://localhost/~/novelist|insert into word_collection (wrods_id, word) values (?, ?)|insert into word_collection (wrods_id, word) values (1, '희생')
1663750891260|0|statement|connection 34|url jdbc:h2:tcp://localhost/~/novelist|insert into word_collection (wrods_id, word) values (?, ?)|insert into word_collection (wrods_id, word) values (1, '흰색')
1663750891261|0|statement|connection 34|url jdbc:h2:tcp://localhost/~/novelist|insert into word_collection (wrods_id, word) values (?, ?)|insert into word_collection (wrods_id, word) values (1, '힘')
1663750891261|0|statement|connection 34|url jdbc:h2:tcp://localhost/~/novelist|insert into word_collection (wrods_id, word) values (?, ?)|insert into word_collection (wrods_id, word) values (1, '힘껏')
1663750891262|0|statement|connection 34|url jdbc:h2:tcp://localhost/~/novelist|insert into word_collection (wrods_id, word) values (?, ?)|insert into word_collection (wrods_id, word) values (1, '힘없이')
1663750891274|9|commit|connection 34|url jdbc:h2:tcp://localhost/~/novelist||
1663914653014|0|statement|connection 490|url jdbc:h2:tcp://localhost/~/novelist|insert into word_collection (wrods_id, word) values (?, ?)|insert into word_collection (wrods_id, word) values (1, '글자')
1663914653014|0|statement|connection 490|url jdbc:h2:tcp://localhost/~/novelist|insert into word_collection (wrods_id, word) values (?, ?)|insert into word_collection (wrods_id, word) values (1, '금')
1663914653014|0|statement|connection 490|url jdbc:h2:tcp://localhost/~/novelist|insert into word_collection (wrods_id, word) values (?, ?)|insert into word_collection (wrods_id, word) values (1, '금강산')
1663914653015|0|statement|connection 490|url jdbc:h2:tcp://localhost/~/novelist|insert into word_collection (wrods_id, word) values (?, ?)|insert into word_collection (wrods_id, word) values (1, '금고')
1663914653015|0|statement|connection 490|url jdbc:h2:tcp://localhost/~/novelist|insert into word_collection (wrods_id, word) values (?, ?)|insert into word_collection (wrods_id, word) values (1, '금년')
1677773720989|42|commit|connection 17|url jdbc:h2:tcp://localhost/~/novelist||
